Performing C SOURCE FILE Test CMAKE_HAVE_LIBC_PTHREAD failed with the following output:
Change Dir: /home/ritam/Documentos/2mieic1/aeda/aeda2021_p05/cmake-build-debug/CMakeFiles/CMakeTmp

Run Build Command(s):/usr/bin/make cmTC_a1ab1/fast && /usr/bin/make  -f CMakeFiles/cmTC_a1ab1.dir/build.make CMakeFiles/cmTC_a1ab1.dir/build
make[1]: a entrar na pasta "/home/ritam/Documentos/2mieic1/aeda/aeda2021_p05/cmake-build-debug/CMakeFiles/CMakeTmp"
Building C object CMakeFiles/cmTC_a1ab1.dir/src.c.o
/usr/bin/cc   -DCMAKE_HAVE_LIBC_PTHREAD   -o CMakeFiles/cmTC_a1ab1.dir/src.c.o   -c /home/ritam/Documentos/2mieic1/aeda/aeda2021_p05/cmake-build-debug/CMakeFiles/CMakeTmp/src.c
Linking C executable cmTC_a1ab1
/home/ritam/.local/share/JetBrains/Toolbox/apps/CLion/ch-0/202.7660.37/bin/cmake/linux/bin/cmake -E cmake_link_script CMakeFiles/cmTC_a1ab1.dir/link.txt --verbose=1
/usr/bin/cc  -DCMAKE_HAVE_LIBC_PTHREAD    -rdynamic CMakeFiles/cmTC_a1ab1.dir/src.c.o  -o cmTC_a1ab1 
/usr/bin/ld: CMakeFiles/cmTC_a1ab1.dir/src.c.o: in function `main':
src.c:(.text+0x3e): undefined reference to `pthread_create'
/usr/bin/ld: src.c:(.text+0x4a): undefined reference to `pthread_detach'
/usr/bin/ld: src.c:(.text+0x56): undefined reference to `pthread_cancel'
/usr/bin/ld: src.c:(.text+0x67): undefined reference to `pthread_join'
collect2: error: ld returned 1 exit status
make[1]: *** [CMakeFiles/cmTC_a1ab1.dir/build.make:107: cmTC_a1ab1] Erro 1
make[1]: a sair da pasta "/home/ritam/Documentos/2mieic1/aeda/aeda2021_p05/cmake-build-debug/CMakeFiles/CMakeTmp"
make: *** [Makefile:141: cmTC_a1ab1/fast] Erro 2


Source file was:
#include <pthread.h>

void* test_func(void* data)
{
  return data;
}

int main(void)
{
  pthread_t thread;
  pthread_create(&thread, NULL, test_func, NULL);
  pthread_detach(thread);
  pthread_cancel(thread);
  pthread_join(thread, NULL);
  pthread_atfork(NULL, NULL, NULL);
  pthread_exit(NULL);

  return 0;
}

Determining if the function pthread_create exists in the pthreads failed with the following output:
Change Dir: /home/ritam/Documentos/2mieic1/aeda/aeda2021_p05/cmake-build-debug/CMakeFiles/CMakeTmp

Run Build Command(s):/usr/bin/make cmTC_ddccf/fast && /usr/bin/make  -f CMakeFiles/cmTC_ddccf.dir/build.make CMakeFiles/cmTC_ddccf.dir/build
make[1]: a entrar na pasta "/home/ritam/Documentos/2mieic1/aeda/aeda2021_p05/cmake-build-debug/CMakeFiles/CMakeTmp"
Building C object CMakeFiles/cmTC_ddccf.dir/CheckFunctionExists.c.o
/usr/bin/cc   -DCHECK_FUNCTION_EXISTS=pthread_create   -o CMakeFiles/cmTC_ddccf.dir/CheckFunctionExists.c.o   -c /home/ritam/.local/share/JetBrains/Toolbox/apps/CLion/ch-0/202.7660.37/bin/cmake/linux/share/cmake-3.17/Modules/CheckFunctionExists.c
Linking C executable cmTC_ddccf
/home/ritam/.local/share/JetBrains/Toolbox/apps/CLion/ch-0/202.7660.37/bin/cmake/linux/bin/cmake -E cmake_link_script CMakeFiles/cmTC_ddccf.dir/link.txt --verbose=1
/usr/bin/cc  -DCHECK_FUNCTION_EXISTS=pthread_create    -rdynamic CMakeFiles/cmTC_ddccf.dir/CheckFunctionExists.c.o  -o cmTC_ddccf  -lpthreads 
/usr/bin/ld: cannot find -lpthreads
collect2: error: ld returned 1 exit status
make[1]: *** [CMakeFiles/cmTC_ddccf.dir/build.make:107: cmTC_ddccf] Erro 1
make[1]: a sair da pasta "/home/ritam/Documentos/2mieic1/aeda/aeda2021_p05/cmake-build-debug/CMakeFiles/CMakeTmp"
make: *** [Makefile:141: cmTC_ddccf/fast] Erro 2



