Performing C SOURCE FILE Test CMAKE_HAVE_LIBC_PTHREAD failed with the following output:
Change Dir: /home/ritam/Documentos/2mieic1/aeda/aeda2021_p02/cmake-build-debug/CMakeFiles/CMakeTmp

Run Build Command(s):/usr/bin/make cmTC_72337/fast && /usr/bin/make  -f CMakeFiles/cmTC_72337.dir/build.make CMakeFiles/cmTC_72337.dir/build
make[1]: a entrar na pasta "/home/ritam/Documentos/2mieic1/aeda/aeda2021_p02/cmake-build-debug/CMakeFiles/CMakeTmp"
Building C object CMakeFiles/cmTC_72337.dir/src.c.o
/usr/bin/cc   -DCMAKE_HAVE_LIBC_PTHREAD   -o CMakeFiles/cmTC_72337.dir/src.c.o   -c /home/ritam/Documentos/2mieic1/aeda/aeda2021_p02/cmake-build-debug/CMakeFiles/CMakeTmp/src.c
Linking C executable cmTC_72337
"/home/ritam/cmake antig/cmake-3.16.8/bin/cmake" -E cmake_link_script CMakeFiles/cmTC_72337.dir/link.txt --verbose=1
/usr/bin/cc  -DCMAKE_HAVE_LIBC_PTHREAD    -rdynamic CMakeFiles/cmTC_72337.dir/src.c.o  -o cmTC_72337 
/usr/bin/ld: CMakeFiles/cmTC_72337.dir/src.c.o: in function `main':
src.c:(.text+0x3e): undefined reference to `pthread_create'
/usr/bin/ld: src.c:(.text+0x4a): undefined reference to `pthread_detach'
/usr/bin/ld: src.c:(.text+0x5b): undefined reference to `pthread_join'
collect2: error: ld returned 1 exit status
make[1]: *** [CMakeFiles/cmTC_72337.dir/build.make:90: cmTC_72337] Erro 1
make[1]: a sair da pasta "/home/ritam/Documentos/2mieic1/aeda/aeda2021_p02/cmake-build-debug/CMakeFiles/CMakeTmp"
make: *** [Makefile:124: cmTC_72337/fast] Erro 2


Source file was:
#include <pthread.h>

void* test_func(void* data)
{
  return data;
}

int main(void)
{
  pthread_t thread;
  pthread_create(&thread, NULL, test_func, NULL);
  pthread_detach(thread);
  pthread_join(thread, NULL);
  pthread_atfork(NULL, NULL, NULL);
  pthread_exit(NULL);

  return 0;
}

Determining if the function pthread_create exists in the pthreads failed with the following output:
Change Dir: /home/ritam/Documentos/2mieic1/aeda/aeda2021_p02/cmake-build-debug/CMakeFiles/CMakeTmp

Run Build Command(s):/usr/bin/make cmTC_471c4/fast && /usr/bin/make  -f CMakeFiles/cmTC_471c4.dir/build.make CMakeFiles/cmTC_471c4.dir/build
make[1]: a entrar na pasta "/home/ritam/Documentos/2mieic1/aeda/aeda2021_p02/cmake-build-debug/CMakeFiles/CMakeTmp"
Building C object CMakeFiles/cmTC_471c4.dir/CheckFunctionExists.c.o
/usr/bin/cc   -DCHECK_FUNCTION_EXISTS=pthread_create   -o CMakeFiles/cmTC_471c4.dir/CheckFunctionExists.c.o   -c "/home/ritam/cmake antig/cmake-3.16.8/Modules/CheckFunctionExists.c"
Linking C executable cmTC_471c4
"/home/ritam/cmake antig/cmake-3.16.8/bin/cmake" -E cmake_link_script CMakeFiles/cmTC_471c4.dir/link.txt --verbose=1
/usr/bin/cc  -DCHECK_FUNCTION_EXISTS=pthread_create    -rdynamic CMakeFiles/cmTC_471c4.dir/CheckFunctionExists.c.o  -o cmTC_471c4  -lpthreads 
/usr/bin/ld: cannot find -lpthreads
collect2: error: ld returned 1 exit status
make[1]: *** [CMakeFiles/cmTC_471c4.dir/build.make:90: cmTC_471c4] Erro 1
make[1]: a sair da pasta "/home/ritam/Documentos/2mieic1/aeda/aeda2021_p02/cmake-build-debug/CMakeFiles/CMakeTmp"
make: *** [Makefile:124: cmTC_471c4/fast] Erro 2



